Build started 14.05.2012 09:59:01.
     1>Project "C:\Users\875144\Desktop\Development\17_DNS_IG\DNS Tool source 2\DNS Tool.vcxproj" on node 2 (build target(s)).
     1>InitializeBuildStatus:
         Touching "Debug\DNS Tool.unsuccessfulbuild".
       ClCompile:
         All outputs are up-to-date.
         All outputs are up-to-date.
       ResourceCompile:
         All outputs are up-to-date.
       ManifestResourceCompile:
         All outputs are up-to-date.
       Link:
         C:\Program Files (x86)\Microsoft Visual Studio 10.0\VC\bin\link.exe /ERRORREPORT:PROMPT /OUT:"C:\Users\875144\Desktop\Development\17_DNS_IG\DNS Tool source 2\Debug\DNS Tool.exe" /INCREMENTAL /NOLOGO dnsapi.lib libcurlSSL.lib ws2_32.lib winmm.lib wldap32.lib libeay32MT.lib ssleay32MT.lib /MANIFEST /ManifestFile:"Debug\DNS Tool.exe.intermediate.manifest" /MANIFESTUAC:"level='asInvoker' uiAccess='false'" /DEBUG /PDB:"C:\Users\875144\Desktop\Development\17_DNS_IG\DNS Tool source 2\Debug\DNS Tool.pdb" /SUBSYSTEM:WINDOWS /TLBID:1 /ENTRY:"wWinMainCRTStartup" /DYNAMICBASE /NXCOMPAT /IMPLIB:"C:\Users\875144\Desktop\Development\17_DNS_IG\DNS Tool source 2\Debug\DNS Tool.lib" /MACHINE:X86 "Debug\DNS Tool.res"
         "Debug\DNS Tool.exe.embed.manifest.res"
         Debug\ArecsDlg.obj
         Debug\Conf.obj
         Debug\curl_tools.obj
         Debug\DlgMX.obj
         Debug\DlgNS.obj
         Debug\DlgReport.obj
         Debug\DlgTLD.obj
         Debug\DlgWeb.obj
         "Debug\DNS Tool.obj"
         "Debug\DNS ToolDlg.obj"
         Debug\Serial.obj
         Debug\Shared.obj
         Debug\stdafx.obj
     1>LIBCMT.lib(invarg.obj) : error LNK2005: __initp_misc_invarg already defined in libcmtd.lib(invarg.obj)
     1>LIBCMT.lib(invarg.obj) : error LNK2005: __call_reportfault already defined in libcmtd.lib(invarg.obj)
     1>LIBCMT.lib(invarg.obj) : error LNK2005: __set_invalid_parameter_handler already defined in libcmtd.lib(invarg.obj)
     1>LIBCMT.lib(invarg.obj) : error LNK2005: __get_invalid_parameter_handler already defined in libcmtd.lib(invarg.obj)
     1>LIBCMT.lib(invarg.obj) : error LNK2005: __invoke_watson already defined in libcmtd.lib(invarg.obj)
     1>LIBCMT.lib(invarg.obj) : error LNK2005: "void __cdecl _invoke_watson(unsigned short const *,unsigned short const *,unsigned short const *,unsigned int,unsigned int)" (?_invoke_watson@@YAXPBG00II@Z) already defined in libcmtd.lib(invarg.obj)
     1>LIBCMT.lib(invarg.obj) : error LNK2005: __invalid_parameter already defined in libcmtd.lib(invarg.obj)
     1>LIBCMT.lib(invarg.obj) : error LNK2005: "void __cdecl _invalid_parameter(unsigned short const *,unsigned short const *,unsigned short const *,unsigned int,unsigned int)" (?_invalid_parameter@@YAXPBG00II@Z) already defined in libcmtd.lib(invarg.obj)
     1>LIBCMT.lib(invarg.obj) : error LNK2005: ___pInvalidArgHandler already defined in libcmtd.lib(invarg.obj)
     1>LINK : warning LNK4098: defaultlib 'LIBCMT' conflicts with use of other libs; use /NODEFAULTLIB:library
     1>C:\Users\875144\Desktop\Development\17_DNS_IG\DNS Tool source 2\Debug\DNS Tool.exe : fatal error LNK1169: one or more multiply defined symbols found
     1>Done Building Project "C:\Users\875144\Desktop\Development\17_DNS_IG\DNS Tool source 2\DNS Tool.vcxproj" (build target(s)) -- FAILED.

Build FAILED.

Time Elapsed 00:00:07.19
